# JRE version: OpenJDK Runtime Environment (22.0.1+8) (build 22.0.1+8-16)
# Java VM: OpenJDK 64-Bit Server VM (22.0.1+8-16, mixed mode, emulated-client, sharing, tiered, compressed oops, compressed class ptrs, g1 gc, windows-amd64)
GC Precious Log:
 CardTable entry size: 512
 Card Set container configuration: InlinePtr #cards 4 size 8 Array Of Cards #cards 16 size 48 Howl #buckets 8 coarsen threshold 3686 Howl Bitmap #cards 512 size 80 coarsen threshold 460 Card regions per heap region 1 cards per card region 4096
 CPUs: 8 total, 8 available
 Memory: 16237M
 Large Page Support: Disabled
 NUMA Support: Disabled
 Compressed Oops: Enabled (Zero based)
 Heap Region Size: 2M
 Heap Min Capacity: 8M
 Heap Initial Capacity: 254M
 Heap Max Capacity: 4060M
 Pre-touch: Disabled
 Parallel Workers: 8
 Concurrent Workers: 2
 Concurrent Refinement Workers: 8
 Periodic GC: Disabled
Heap:
 garbage-first heap   total reserved 4157440K, committed 81920K, used 70594K [0x0000000702400000, 0x0000000800000000)
  region size 2048K, 21 young (43008K), 2 survivors (4096K)
 Metaspace       used 71904K, committed 72768K, reserved 1114112K
  class space    used 10431K, committed 10816K, reserved 1048576K
GC Heap History (20 events):
Event: 6.431 GC heap after
{Heap after GC invocations=3 (full 0):
 garbage-first heap   total reserved 4157440K, committed 260096K, used 15027K [0x0000000702400000, 0x0000000800000000)
  region size 2048K, 3 young (6144K), 3 survivors (6144K)
 Metaspace       used 21215K, committed 21504K, reserved 1114112K
  class space    used 2871K, committed 3008K, reserved 1048576K
}
Event: 6.662 GC heap before
{Heap before GC invocations=4 (full 0):
 garbage-first heap   total reserved 4157440K, committed 55296K, used 43699K [0x0000000702400000, 0x0000000800000000)
  region size 2048K, 17 young (34816K), 3 survivors (6144K)
 Metaspace       used 23934K, committed 24384K, reserved 1114112K
  class space    used 3303K, committed 3520K, reserved 1048576K
}
Event: 6.667 GC heap after
{Heap after GC invocations=5 (full 0):
 garbage-first heap   total reserved 4157440K, committed 55296K, used 15416K [0x0000000702400000, 0x0000000800000000)
  region size 2048K, 2 young (4096K), 2 survivors (4096K)
 Metaspace       used 23934K, committed 24384K, reserved 1114112K
  class space    used 3303K, committed 3520K, reserved 1048576K
}
Event: 6.961 GC heap before
{Heap before GC invocations=5 (full 0):
 garbage-first heap   total reserved 4157440K, committed 55296K, used 37944K [0x0000000702400000, 0x0000000800000000)
  region size 2048K, 14 young (28672K), 2 survivors (4096K)
 Metaspace       used 26739K, committed 27136K, reserved 1114112K
  class space    used 3677K, committed 3904K, reserved 1048576K
}
Event: 6.964 GC heap after
{Heap after GC invocations=6 (full 0):
 garbage-first heap   total reserved 4157440K, committed 55296K, used 17026K [0x0000000702400000, 0x0000000800000000)
  region size 2048K, 1 young (2048K), 1 survivors (2048K)
 Metaspace       used 26739K, committed 27136K, reserved 1114112K
  class space    used 3677K, committed 3904K, reserved 1048576K
}
Event: 7.317 GC heap before
{Heap before GC invocations=6 (full 0):
 garbage-first heap   total reserved 4157440K, committed 55296K, used 43650K [0x0000000702400000, 0x0000000800000000)
  region size 2048K, 14 young (28672K), 1 survivors (2048K)
 Metaspace       used 30505K, committed 31040K, reserved 1114112K
  class space    used 4275K, committed 4480K, reserved 1048576K
}
Event: 7.320 GC heap after
{Heap after GC invocations=7 (full 0):
 garbage-first heap   total reserved 4157440K, committed 55296K, used 19540K [0x0000000702400000, 0x0000000800000000)
  region size 2048K, 2 young (4096K), 2 survivors (4096K)
 Metaspace       used 30505K, committed 31040K, reserved 1114112K
  class space    used 4275K, committed 4480K, reserved 1048576K
}
Event: 7.581 GC heap before
{Heap before GC invocations=7 (full 0):
 garbage-first heap   total reserved 4157440K, committed 55296K, used 44116K [0x0000000702400000, 0x0000000800000000)
  region size 2048K, 14 young (28672K), 2 survivors (4096K)
 Metaspace       used 33409K, committed 34048K, reserved 1114112K
  class space    used 4690K, committed 4992K, reserved 1048576K
}
Event: 7.585 GC heap after
{Heap after GC invocations=8 (full 0):
 garbage-first heap   total reserved 4157440K, committed 55296K, used 21584K [0x0000000702400000, 0x0000000800000000)
  region size 2048K, 1 young (2048K), 1 survivors (2048K)
 Metaspace       used 33409K, committed 34048K, reserved 1114112K
  class space    used 4690K, committed 4992K, reserved 1048576K
}
Event: 7.735 GC heap before
{Heap before GC invocations=8 (full 0):
 garbage-first heap   total reserved 4157440K, committed 55296K, used 27728K [0x0000000702400000, 0x0000000800000000)
  region size 2048K, 6 young (12288K), 1 survivors (2048K)
 Metaspace       used 35647K, committed 36288K, reserved 1114112K
  class space    used 5005K, committed 5312K, reserved 1048576K
}
Event: 7.739 GC heap after
{Heap after GC invocations=9 (full 0):
 garbage-first heap   total reserved 4157440K, committed 157696K, used 21987K [0x0000000702400000, 0x0000000800000000)
  region size 2048K, 2 young (4096K), 2 survivors (4096K)
 Metaspace       used 35647K, committed 36288K, reserved 1114112K
  class space    used 5005K, committed 5312K, reserved 1048576K
}
Event: 8.427 GC heap before
{Heap before GC invocations=10 (full 0):
 garbage-first heap   total reserved 4157440K, committed 81920K, used 67043K [0x0000000702400000, 0x0000000800000000)
  region size 2048K, 24 young (49152K), 2 survivors (4096K)
 Metaspace       used 47483K, committed 48064K, reserved 1114112K
  class space    used 6712K, committed 6976K, reserved 1048576K
}
Event: 8.431 GC heap after
{Heap after GC invocations=11 (full 0):
 garbage-first heap   total reserved 4157440K, committed 81920K, used 25318K [0x0000000702400000, 0x0000000800000000)
  region size 2048K, 3 young (6144K), 3 survivors (6144K)
 Metaspace       used 47483K, committed 48064K, reserved 1114112K
  class space    used 6712K, committed 6976K, reserved 1048576K
}
Event: 9.069 GC heap before
{Heap before GC invocations=11 (full 0):
 garbage-first heap   total reserved 4157440K, committed 81920K, used 68326K [0x0000000702400000, 0x0000000800000000)
  region size 2048K, 24 young (49152K), 3 survivors (6144K)
 Metaspace       used 58952K, committed 59584K, reserved 1114112K
  class space    used 8504K, committed 8768K, reserved 1048576K
}
Event: 9.075 GC heap after
{Heap after GC invocations=12 (full 0):
 garbage-first heap   total reserved 4157440K, committed 81920K, used 27614K [0x0000000702400000, 0x0000000800000000)
  region size 2048K, 2 young (4096K), 2 survivors (4096K)
 Metaspace       used 58952K, committed 59584K, reserved 1114112K
  class space    used 8504K, committed 8768K, reserved 1048576K
}
Event: 9.133 GC heap before
{Heap before GC invocations=12 (full 0):
 garbage-first heap   total reserved 4157440K, committed 81920K, used 31710K [0x0000000702400000, 0x0000000800000000)
  region size 2048K, 5 young (10240K), 2 survivors (4096K)
 Metaspace       used 60131K, committed 60800K, reserved 1114112K
  class space    used 8624K, committed 8960K, reserved 1048576K
}
Event: 9.135 GC heap after
{Heap after GC invocations=13 (full 0):
 garbage-first heap   total reserved 4157440K, committed 81920K, used 27932K [0x0000000702400000, 0x0000000800000000)
  region size 2048K, 2 young (4096K), 2 survivors (4096K)
 Metaspace       used 60131K, committed 60800K, reserved 1114112K
  class space    used 8624K, committed 8960K, reserved 1048576K
}
Event: 9.597 GC heap before
{Heap before GC invocations=14 (full 0):
 garbage-first heap   total reserved 4157440K, committed 81920K, used 68892K [0x0000000702400000, 0x0000000800000000)
  region size 2048K, 22 young (45056K), 2 survivors (4096K)
 Metaspace       used 65179K, committed 65920K, reserved 1114112K
  class space    used 9454K, committed 9792K, reserved 1048576K
}
Event: 9.602 GC heap after
{Heap after GC invocations=15 (full 0):
 garbage-first heap   total reserved 4157440K, committed 81920K, used 31682K [0x0000000702400000, 0x0000000800000000)
  region size 2048K, 3 young (6144K), 3 survivors (6144K)
 Metaspace       used 65179K, committed 65920K, reserved 1114112K
  class space    used 9454K, committed 9792K, reserved 1048576K
}
Event: 52.986 GC heap before
{Heap before GC invocations=15 (full 0):
 garbage-first heap   total reserved 4157440K, committed 81920K, used 70594K [0x0000000702400000, 0x0000000800000000)
  region size 2048K, 22 young (45056K), 3 survivors (6144K)
 Metaspace       used 71904K, committed 72768K, reserved 1114112K
  class space    used 10431K, committed 10816K, reserved 1048576K
}

